{"/home/gabrielr/Desktop/Projects/DOGX Studios/Raycasting/Mirroware/src/frontend/Services/Service.ts": {"path":"/home/gabrielr/Desktop/Projects/DOGX Studios/Raycasting/Mirroware/src/frontend/Services/Service.ts","statementMap":{"0":{"start":{"line":8,"column":8},"end":{"line":8,"column":33}},"1":{"start":{"line":12,"column":8},"end":{"line":12,"column":21}},"2":{"start":{"line":16,"column":8},"end":{"line":16,"column":21}}},"fnMap":{"0":{"name":"(anonymous_0)","decl":{"start":{"line":7,"column":4},"end":{"line":7,"column":null}},"loc":{"start":{"line":7,"column":4},"end":{"line":9,"column":5}}},"1":{"name":"(anonymous_1)","decl":{"start":{"line":11,"column":11},"end":{"line":11,"column":18}},"loc":{"start":{"line":11,"column":18},"end":{"line":13,"column":5}}},"2":{"name":"(anonymous_2)","decl":{"start":{"line":15,"column":11},"end":{"line":15,"column":15}},"loc":{"start":{"line":15,"column":15},"end":{"line":17,"column":5}}}},"branchMap":{},"s":{"0":4,"1":0,"2":0},"f":{"0":4,"1":0,"2":0},"b":{}}
,"/home/gabrielr/Desktop/Projects/DOGX Studios/Raycasting/Mirroware/src/frontend/Services/RayCast/VariableCalculator.ts": {"path":"/home/gabrielr/Desktop/Projects/DOGX Studios/Raycasting/Mirroware/src/frontend/Services/RayCast/VariableCalculator.ts","statementMap":{"0":{"start":{"line":10,"column":8},"end":{"line":10,"column":16}},"1":{"start":{"line":11,"column":8},"end":{"line":11,"column":27}},"2":{"start":{"line":16,"column":26},"end":{"line":16,"column":37}},"3":{"start":{"line":18,"column":8},"end":{"line":20,"column":11}},"4":{"start":{"line":19,"column":12},"end":{"line":19,"column":56}},"5":{"start":{"line":22,"column":8},"end":{"line":22,"column":41}},"6":{"start":{"line":24,"column":8},"end":{"line":24,"column":20}},"7":{"start":{"line":31,"column":32},"end":{"line":31,"column":137}},"8":{"start":{"line":32,"column":32},"end":{"line":32,"column":139}},"9":{"start":{"line":36,"column":25},"end":{"line":36,"column":65}},"10":{"start":{"line":36,"column":54},"end":{"line":36,"column":63}},"11":{"start":{"line":38,"column":8},"end":{"line":38,"column":92}},"12":{"start":{"line":42,"column":25},"end":{"line":42,"column":67}},"13":{"start":{"line":42,"column":56},"end":{"line":42,"column":65}},"14":{"start":{"line":44,"column":8},"end":{"line":44,"column":93}},"15":{"start":{"line":46,"column":8},"end":{"line":46,"column":34}},"16":{"start":{"line":51,"column":8},"end":{"line":51,"column":38}},"17":{"start":{"line":51,"column":28},"end":{"line":51,"column":38}},"18":{"start":{"line":55,"column":30},"end":{"line":55,"column":31}},"19":{"start":{"line":56,"column":30},"end":{"line":56,"column":44}},"20":{"start":{"line":57,"column":30},"end":{"line":57,"column":69}},"21":{"start":{"line":58,"column":20},"end":{"line":58,"column":34}},"22":{"start":{"line":59,"column":19},"end":{"line":59,"column":20}},"23":{"start":{"line":61,"column":8},"end":{"line":85,"column":9}},"24":{"start":{"line":63,"column":12},"end":{"line":63,"column":19}},"25":{"start":{"line":65,"column":12},"end":{"line":68,"column":13}},"26":{"start":{"line":66,"column":16},"end":{"line":66,"column":35}},"27":{"start":{"line":67,"column":16},"end":{"line":67,"column":22}},"28":{"start":{"line":70,"column":12},"end":{"line":82,"column":13}},"29":{"start":{"line":71,"column":16},"end":{"line":71,"column":43}},"30":{"start":{"line":74,"column":17},"end":{"line":82,"column":13}},"31":{"start":{"line":75,"column":16},"end":{"line":75,"column":44}},"32":{"start":{"line":76,"column":16},"end":{"line":76,"column":35}},"33":{"start":{"line":79,"column":17},"end":{"line":82,"column":13}},"34":{"start":{"line":80,"column":16},"end":{"line":80,"column":39}},"35":{"start":{"line":81,"column":16},"end":{"line":81,"column":22}},"36":{"start":{"line":84,"column":12},"end":{"line":84,"column":70}},"37":{"start":{"line":87,"column":8},"end":{"line":87,"column":43}},"38":{"start":{"line":87,"column":35},"end":{"line":87,"column":43}},"39":{"start":{"line":91,"column":8},"end":{"line":91,"column":73}},"40":{"start":{"line":91,"column":24},"end":{"line":91,"column":73}},"41":{"start":{"line":93,"column":8},"end":{"line":93,"column":21}},"42":{"start":{"line":97,"column":23},"end":{"line":97,"column":51}},"43":{"start":{"line":98,"column":8},"end":{"line":98,"column":60}},"44":{"start":{"line":100,"column":8},"end":{"line":100,"column":25}},"45":{"start":{"line":104,"column":8},"end":{"line":104,"column":53}},"46":{"start":{"line":109,"column":23},"end":{"line":109,"column":51}},"47":{"start":{"line":111,"column":8},"end":{"line":111,"column":59}},"48":{"start":{"line":112,"column":8},"end":{"line":112,"column":59}},"49":{"start":{"line":118,"column":8},"end":{"line":118,"column":59}},"50":{"start":{"line":118,"column":27},"end":{"line":118,"column":59}},"51":{"start":{"line":120,"column":8},"end":{"line":120,"column":36}},"52":{"start":{"line":121,"column":8},"end":{"line":121,"column":49}},"53":{"start":{"line":122,"column":8},"end":{"line":122,"column":44}},"54":{"start":{"line":126,"column":8},"end":{"line":128,"column":9}},"55":{"start":{"line":127,"column":12},"end":{"line":127,"column":58}}},"fnMap":{"0":{"name":"(anonymous_0)","decl":{"start":{"line":9,"column":4},"end":{"line":9,"column":16}},"loc":{"start":{"line":9,"column":21},"end":{"line":12,"column":5}}},"1":{"name":"(anonymous_1)","decl":{"start":{"line":14,"column":11},"end":{"line":14,"column":18}},"loc":{"start":{"line":14,"column":18},"end":{"line":25,"column":5}}},"2":{"name":"(anonymous_2)","decl":{"start":{"line":18,"column":21},"end":{"line":18,"column":22}},"loc":{"start":{"line":18,"column":34},"end":{"line":20,"column":9}}},"3":{"name":"(anonymous_3)","decl":{"start":{"line":29,"column":11},"end":{"line":29,"column":30}},"loc":{"start":{"line":29,"column":72},"end":{"line":47,"column":5}}},"4":{"name":"(anonymous_4)","decl":{"start":{"line":36,"column":43},"end":{"line":36,"column":44}},"loc":{"start":{"line":36,"column":54},"end":{"line":36,"column":63}}},"5":{"name":"(anonymous_5)","decl":{"start":{"line":42,"column":45},"end":{"line":42,"column":46}},"loc":{"start":{"line":42,"column":56},"end":{"line":42,"column":65}}},"6":{"name":"(anonymous_6)","decl":{"start":{"line":49,"column":11},"end":{"line":49,"column":33}},"loc":{"start":{"line":49,"column":64},"end":{"line":94,"column":5}}},"7":{"name":"(anonymous_7)","decl":{"start":{"line":96,"column":11},"end":{"line":96,"column":28}},"loc":{"start":{"line":96,"column":37},"end":{"line":101,"column":5}}},"8":{"name":"(anonymous_8)","decl":{"start":{"line":103,"column":11},"end":{"line":103,"column":33}},"loc":{"start":{"line":103,"column":72},"end":{"line":105,"column":5}}},"9":{"name":"(anonymous_9)","decl":{"start":{"line":107,"column":11},"end":{"line":107,"column":29}},"loc":{"start":{"line":107,"column":68},"end":{"line":114,"column":5}}},"10":{"name":"(anonymous_10)","decl":{"start":{"line":116,"column":11},"end":{"line":116,"column":33}},"loc":{"start":{"line":116,"column":76},"end":{"line":123,"column":5}}},"11":{"name":"(anonymous_11)","decl":{"start":{"line":125,"column":11},"end":{"line":125,"column":32}},"loc":{"start":{"line":125,"column":41},"end":{"line":129,"column":5}}}},"branchMap":{"0":{"loc":{"start":{"line":29,"column":47},"end":{"line":29,"column":72}},"type":"default-arg","locations":[{"start":{"line":29,"column":63},"end":{"line":29,"column":72}}]},"1":{"loc":{"start":{"line":31,"column":32},"end":{"line":31,"column":137}},"type":"cond-expr","locations":[{"start":{"line":31,"column":68},"end":{"line":31,"column":85}},{"start":{"line":31,"column":90},"end":{"line":31,"column":137}}]},"2":{"loc":{"start":{"line":31,"column":33},"end":{"line":31,"column":62}},"type":"binary-expr","locations":[{"start":{"line":31,"column":33},"end":{"line":31,"column":41}},{"start":{"line":31,"column":45},"end":{"line":31,"column":62}}]},"3":{"loc":{"start":{"line":32,"column":32},"end":{"line":32,"column":139}},"type":"cond-expr","locations":[{"start":{"line":32,"column":68},"end":{"line":32,"column":87}},{"start":{"line":32,"column":90},"end":{"line":32,"column":139}}]},"4":{"loc":{"start":{"line":32,"column":33},"end":{"line":32,"column":64}},"type":"binary-expr","locations":[{"start":{"line":32,"column":33},"end":{"line":32,"column":41}},{"start":{"line":32,"column":45},"end":{"line":32,"column":64}}]},"5":{"loc":{"start":{"line":51,"column":8},"end":{"line":51,"column":38}},"type":"if","locations":[{"start":{"line":51,"column":8},"end":{"line":51,"column":38}}]},"6":{"loc":{"start":{"line":61,"column":14},"end":{"line":61,"column":50}},"type":"binary-expr","locations":[{"start":{"line":61,"column":14},"end":{"line":61,"column":36}},{"start":{"line":61,"column":40},"end":{"line":61,"column":50}}]},"7":{"loc":{"start":{"line":65,"column":12},"end":{"line":68,"column":13}},"type":"if","locations":[{"start":{"line":65,"column":12},"end":{"line":68,"column":13}}]},"8":{"loc":{"start":{"line":70,"column":12},"end":{"line":82,"column":13}},"type":"if","locations":[{"start":{"line":70,"column":12},"end":{"line":82,"column":13}},{"start":{"line":74,"column":17},"end":{"line":82,"column":13}}]},"9":{"loc":{"start":{"line":74,"column":17},"end":{"line":82,"column":13}},"type":"if","locations":[{"start":{"line":74,"column":17},"end":{"line":82,"column":13}},{"start":{"line":79,"column":17},"end":{"line":82,"column":13}}]},"10":{"loc":{"start":{"line":79,"column":17},"end":{"line":82,"column":13}},"type":"if","locations":[{"start":{"line":79,"column":17},"end":{"line":82,"column":13}}]},"11":{"loc":{"start":{"line":91,"column":8},"end":{"line":91,"column":73}},"type":"if","locations":[{"start":{"line":91,"column":8},"end":{"line":91,"column":73}}]},"12":{"loc":{"start":{"line":118,"column":8},"end":{"line":118,"column":59}},"type":"if","locations":[{"start":{"line":118,"column":8},"end":{"line":118,"column":59}}]},"13":{"loc":{"start":{"line":126,"column":8},"end":{"line":128,"column":9}},"type":"if","locations":[{"start":{"line":126,"column":8},"end":{"line":128,"column":9}}]}},"s":{"0":2,"1":2,"2":0,"3":0,"4":0,"5":0,"6":0,"7":10024,"8":10024,"9":10024,"10":4997660,"11":10024,"12":10024,"13":4992066,"14":10024,"15":10024,"16":20048,"17":12,"18":20036,"19":20036,"20":20036,"21":20036,"22":20036,"23":20036,"24":199148,"25":199148,"26":20014,"27":20014,"28":179134,"29":87462,"30":91672,"31":91662,"32":91662,"33":10,"34":10,"35":10,"36":179124,"37":20036,"38":20030,"39":20036,"40":0,"41":20036,"42":17,"43":17,"44":17,"45":0,"46":0,"47":0,"48":0,"49":0,"50":0,"51":0,"52":0,"53":0,"54":0,"55":0},"f":{"0":2,"1":0,"2":0,"3":10024,"4":4997660,"5":4992066,"6":20048,"7":17,"8":0,"9":0,"10":0,"11":0},"b":{"0":[0],"1":[10024,0],"2":[10024,10024],"3":[10024,0],"4":[10024,10024],"5":[12],"6":[199160,199148],"7":[20014],"8":[87462,91672],"9":[91662,10],"10":[10],"11":[0],"12":[0],"13":[0]}}
,"/home/gabrielr/Desktop/Projects/DOGX Studios/Raycasting/Mirroware/src/frontend/utils/Camera.ts": {"path":"/home/gabrielr/Desktop/Projects/DOGX Studios/Raycasting/Mirroware/src/frontend/utils/Camera.ts","statementMap":{"0":{"start":{"line":13,"column":8},"end":{"line":13,"column":60}},"1":{"start":{"line":14,"column":8},"end":{"line":14,"column":66}},"2":{"start":{"line":15,"column":8},"end":{"line":15,"column":44}},"3":{"start":{"line":16,"column":8},"end":{"line":16,"column":30}},"4":{"start":{"line":20,"column":15},"end":{"line":20,"column":45}}},"fnMap":{"0":{"name":"(anonymous_0)","decl":{"start":{"line":12,"column":4},"end":{"line":12,"column":16}},"loc":{"start":{"line":12,"column":19},"end":{"line":17,"column":5}}}},"branchMap":{"0":{"loc":{"start":{"line":14,"column":41},"end":{"line":14,"column":51}},"type":"binary-expr","locations":[{"start":{"line":14,"column":41},"end":{"line":14,"column":46}},{"start":{"line":14,"column":50},"end":{"line":14,"column":51}}]},"1":{"loc":{"start":{"line":14,"column":53},"end":{"line":14,"column":63}},"type":"binary-expr","locations":[{"start":{"line":14,"column":53},"end":{"line":14,"column":58}},{"start":{"line":14,"column":62},"end":{"line":14,"column":63}}]}},"s":{"0":2,"1":2,"2":2,"3":2,"4":2},"f":{"0":2},"b":{"0":[2,0],"1":[2,0]}}
,"/home/gabrielr/Desktop/Projects/DOGX Studios/Raycasting/Mirroware/src/frontend/utils/SceneModel.ts": {"path":"/home/gabrielr/Desktop/Projects/DOGX Studios/Raycasting/Mirroware/src/frontend/utils/SceneModel.ts","statementMap":{"0":{"start":{"line":8,"column":8},"end":{"line":8,"column":25}},"1":{"start":{"line":9,"column":8},"end":{"line":9,"column":45}},"2":{"start":{"line":10,"column":8},"end":{"line":10,"column":46}},"3":{"start":{"line":12,"column":8},"end":{"line":12,"column":56}},"4":{"start":{"line":12,"column":20},"end":{"line":12,"column":21}},"5":{"start":{"line":12,"column":35},"end":{"line":12,"column":56}},"6":{"start":{"line":18,"column":25},"end":{"line":18,"column":54}},"7":{"start":{"line":19,"column":28},"end":{"line":19,"column":41}},"8":{"start":{"line":21,"column":8},"end":{"line":60,"column":9}},"9":{"start":{"line":23,"column":8},"end":{"line":23,"column":31}},"10":{"start":{"line":23,"column":18},"end":{"line":23,"column":31}},"11":{"start":{"line":25,"column":25},"end":{"line":25,"column":89}},"12":{"start":{"line":27,"column":8},"end":{"line":52,"column":9}},"13":{"start":{"line":29,"column":36},"end":{"line":29,"column":79}},"14":{"start":{"line":30,"column":12},"end":{"line":30,"column":28}},"15":{"start":{"line":31,"column":12},"end":{"line":31,"column":29}},"16":{"start":{"line":35,"column":27},"end":{"line":35,"column":52}},"17":{"start":{"line":36,"column":27},"end":{"line":36,"column":65}},"18":{"start":{"line":38,"column":12},"end":{"line":51,"column":13}},"19":{"start":{"line":39,"column":16},"end":{"line":40,"column":36}},"20":{"start":{"line":41,"column":16},"end":{"line":41,"column":36}},"21":{"start":{"line":42,"column":16},"end":{"line":42,"column":37}},"22":{"start":{"line":45,"column":16},"end":{"line":50,"column":19}},"23":{"start":{"line":54,"column":8},"end":{"line":54,"column":51}},"24":{"start":{"line":57,"column":12},"end":{"line":57,"column":29}},"25":{"start":{"line":58,"column":12},"end":{"line":58,"column":31}},"26":{"start":{"line":59,"column":12},"end":{"line":59,"column":48}},"27":{"start":{"line":65,"column":8},"end":{"line":76,"column":9}},"28":{"start":{"line":65,"column":20},"end":{"line":65,"column":21}},"29":{"start":{"line":67,"column":29},"end":{"line":67,"column":43}},"30":{"start":{"line":69,"column":12},"end":{"line":72,"column":13}},"31":{"start":{"line":69,"column":24},"end":{"line":69,"column":25}},"32":{"start":{"line":71,"column":16},"end":{"line":71,"column":39}},"33":{"start":{"line":74,"column":12},"end":{"line":74,"column":37}},"34":{"start":{"line":75,"column":12},"end":{"line":75,"column":34}}},"fnMap":{"0":{"name":"(anonymous_0)","decl":{"start":{"line":7,"column":4},"end":{"line":7,"column":null}},"loc":{"start":{"line":7,"column":4},"end":{"line":14,"column":5}}},"1":{"name":"(anonymous_1)","decl":{"start":{"line":16,"column":11},"end":{"line":16,"column":17}},"loc":{"start":{"line":16,"column":26},"end":{"line":61,"column":5}}},"2":{"name":"(anonymous_2)","decl":{"start":{"line":63,"column":11},"end":{"line":63,"column":16}},"loc":{"start":{"line":63,"column":16},"end":{"line":77,"column":5}}}},"branchMap":{"0":{"loc":{"start":{"line":18,"column":25},"end":{"line":18,"column":54}},"type":"binary-expr","locations":[{"start":{"line":18,"column":25},"end":{"line":18,"column":41}},{"start":{"line":18,"column":45},"end":{"line":18,"column":54}}]},"1":{"loc":{"start":{"line":23,"column":8},"end":{"line":23,"column":31}},"type":"if","locations":[{"start":{"line":23,"column":8},"end":{"line":23,"column":31}}]},"2":{"loc":{"start":{"line":25,"column":25},"end":{"line":25,"column":89}},"type":"binary-expr","locations":[{"start":{"line":25,"column":25},"end":{"line":25,"column":49}},{"start":{"line":25,"column":53},"end":{"line":25,"column":89}}]},"3":{"loc":{"start":{"line":27,"column":8},"end":{"line":52,"column":9}},"type":"if","locations":[{"start":{"line":27,"column":8},"end":{"line":52,"column":9}},{"start":{"line":33,"column":12},"end":{"line":52,"column":9}}]},"4":{"loc":{"start":{"line":36,"column":27},"end":{"line":36,"column":65}},"type":"binary-expr","locations":[{"start":{"line":36,"column":27},"end":{"line":36,"column":52}},{"start":{"line":36,"column":56},"end":{"line":36,"column":65}}]},"5":{"loc":{"start":{"line":38,"column":12},"end":{"line":51,"column":13}},"type":"if","locations":[{"start":{"line":38,"column":12},"end":{"line":51,"column":13}},{"start":{"line":44,"column":16},"end":{"line":51,"column":13}}]}},"s":{"0":2,"1":2,"2":2,"3":2,"4":2,"5":10,"6":0,"7":0,"8":0,"9":0,"10":0,"11":0,"12":0,"13":0,"14":0,"15":0,"16":0,"17":0,"18":0,"19":0,"20":0,"21":0,"22":0,"23":0,"24":0,"25":0,"26":0,"27":0,"28":0,"29":0,"30":0,"31":0,"32":0,"33":0,"34":0},"f":{"0":2,"1":0,"2":0},"b":{"0":[0,0],"1":[0],"2":[0,0],"3":[0,0],"4":[0,0],"5":[0,0]}}
,"/home/gabrielr/Desktop/Projects/DOGX Studios/Raycasting/Mirroware/src/frontend/utils/Vector2D.ts": {"path":"/home/gabrielr/Desktop/Projects/DOGX Studios/Raycasting/Mirroware/src/frontend/utils/Vector2D.ts","statementMap":{"0":{"start":{"line":7,"column":8},"end":{"line":7,"column":19}},"1":{"start":{"line":8,"column":8},"end":{"line":8,"column":19}},"2":{"start":{"line":9,"column":8},"end":{"line":9,"column":20}},"3":{"start":{"line":13,"column":8},"end":{"line":13,"column":22}},"4":{"start":{"line":14,"column":8},"end":{"line":14,"column":22}},"5":{"start":{"line":15,"column":8},"end":{"line":15,"column":20}},"6":{"start":{"line":19,"column":8},"end":{"line":19,"column":55}},"7":{"start":{"line":23,"column":8},"end":{"line":23,"column":22}},"8":{"start":{"line":24,"column":8},"end":{"line":24,"column":22}},"9":{"start":{"line":25,"column":8},"end":{"line":25,"column":20}},"10":{"start":{"line":29,"column":8},"end":{"line":29,"column":55}},"11":{"start":{"line":33,"column":8},"end":{"line":33,"column":22}},"12":{"start":{"line":34,"column":8},"end":{"line":34,"column":22}},"13":{"start":{"line":35,"column":8},"end":{"line":35,"column":20}},"14":{"start":{"line":39,"column":8},"end":{"line":39,"column":55}},"15":{"start":{"line":43,"column":8},"end":{"line":43,"column":22}},"16":{"start":{"line":44,"column":8},"end":{"line":44,"column":22}},"17":{"start":{"line":45,"column":8},"end":{"line":45,"column":20}},"18":{"start":{"line":49,"column":8},"end":{"line":49,"column":55}},"19":{"start":{"line":53,"column":8},"end":{"line":53,"column":47}},"20":{"start":{"line":57,"column":8},"end":{"line":57,"column":46}},"21":{"start":{"line":61,"column":8},"end":{"line":61,"column":53}},"22":{"start":{"line":65,"column":8},"end":{"line":65,"column":41}},"23":{"start":{"line":69,"column":8},"end":{"line":69,"column":39}},"24":{"start":{"line":73,"column":8},"end":{"line":73,"column":44}},"25":{"start":{"line":77,"column":8},"end":{"line":77,"column":20}},"26":{"start":{"line":78,"column":8},"end":{"line":78,"column":20}},"27":{"start":{"line":79,"column":8},"end":{"line":79,"column":20}},"28":{"start":{"line":83,"column":8},"end":{"line":83,"column":null}},"29":{"start":{"line":88,"column":18},"end":{"line":88,"column":28}},"30":{"start":{"line":90,"column":8},"end":{"line":90,"column":22}},"31":{"start":{"line":91,"column":8},"end":{"line":91,"column":22}},"32":{"start":{"line":93,"column":8},"end":{"line":93,"column":20}},"33":{"start":{"line":97,"column":18},"end":{"line":97,"column":29}},"34":{"start":{"line":99,"column":8},"end":{"line":99,"column":null}},"35":{"start":{"line":103,"column":8},"end":{"line":103,"column":97}},"36":{"start":{"line":108,"column":8},"end":{"line":108,"column":48}},"37":{"start":{"line":113,"column":8},"end":{"line":113,"column":89}}},"fnMap":{"0":{"name":"(anonymous_0)","decl":{"start":{"line":6,"column":4},"end":{"line":6,"column":16}},"loc":{"start":{"line":6,"column":19},"end":{"line":10,"column":5}}},"1":{"name":"(anonymous_1)","decl":{"start":{"line":12,"column":11},"end":{"line":12,"column":14}},"loc":{"start":{"line":12,"column":26},"end":{"line":16,"column":5}}},"2":{"name":"(anonymous_2)","decl":{"start":{"line":18,"column":11},"end":{"line":18,"column":17}},"loc":{"start":{"line":18,"column":27},"end":{"line":20,"column":5}}},"3":{"name":"(anonymous_3)","decl":{"start":{"line":22,"column":11},"end":{"line":22,"column":14}},"loc":{"start":{"line":22,"column":26},"end":{"line":26,"column":5}}},"4":{"name":"(anonymous_4)","decl":{"start":{"line":28,"column":11},"end":{"line":28,"column":17}},"loc":{"start":{"line":28,"column":27},"end":{"line":30,"column":5}}},"5":{"name":"(anonymous_5)","decl":{"start":{"line":32,"column":11},"end":{"line":32,"column":14}},"loc":{"start":{"line":32,"column":26},"end":{"line":36,"column":5}}},"6":{"name":"(anonymous_6)","decl":{"start":{"line":38,"column":11},"end":{"line":38,"column":17}},"loc":{"start":{"line":38,"column":27},"end":{"line":40,"column":5}}},"7":{"name":"(anonymous_7)","decl":{"start":{"line":42,"column":11},"end":{"line":42,"column":15}},"loc":{"start":{"line":42,"column":27},"end":{"line":46,"column":5}}},"8":{"name":"(anonymous_8)","decl":{"start":{"line":48,"column":11},"end":{"line":48,"column":17}},"loc":{"start":{"line":48,"column":28},"end":{"line":50,"column":5}}},"9":{"name":"(anonymous_9)","decl":{"start":{"line":52,"column":11},"end":{"line":52,"column":14}},"loc":{"start":{"line":52,"column":26},"end":{"line":54,"column":5}}},"10":{"name":"(anonymous_10)","decl":{"start":{"line":56,"column":11},"end":{"line":56,"column":17}},"loc":{"start":{"line":56,"column":27},"end":{"line":58,"column":5}}},"11":{"name":"(anonymous_11)","decl":{"start":{"line":60,"column":11},"end":{"line":60,"column":16}},"loc":{"start":{"line":60,"column":16},"end":{"line":62,"column":5}}},"12":{"name":"(anonymous_12)","decl":{"start":{"line":64,"column":11},"end":{"line":64,"column":17}},"loc":{"start":{"line":64,"column":35},"end":{"line":66,"column":5}}},"13":{"name":"(anonymous_13)","decl":{"start":{"line":68,"column":11},"end":{"line":68,"column":14}},"loc":{"start":{"line":68,"column":14},"end":{"line":70,"column":5}}},"14":{"name":"(anonymous_14)","decl":{"start":{"line":72,"column":11},"end":{"line":72,"column":17}},"loc":{"start":{"line":72,"column":33},"end":{"line":74,"column":5}}},"15":{"name":"(anonymous_15)","decl":{"start":{"line":76,"column":11},"end":{"line":76,"column":16}},"loc":{"start":{"line":76,"column":18},"end":{"line":80,"column":5}}},"16":{"name":"(anonymous_16)","decl":{"start":{"line":82,"column":11},"end":{"line":82,"column":17}},"loc":{"start":{"line":82,"column":27},"end":{"line":84,"column":5}}},"17":{"name":"(anonymous_17)","decl":{"start":{"line":86,"column":11},"end":{"line":86,"column":20}},"loc":{"start":{"line":86,"column":20},"end":{"line":94,"column":5}}},"18":{"name":"(anonymous_18)","decl":{"start":{"line":96,"column":11},"end":{"line":96,"column":17}},"loc":{"start":{"line":96,"column":39},"end":{"line":100,"column":5}}},"19":{"name":"(anonymous_19)","decl":{"start":{"line":102,"column":11},"end":{"line":102,"column":17}},"loc":{"start":{"line":102,"column":41},"end":{"line":104,"column":5}}},"20":{"name":"(anonymous_20)","decl":{"start":{"line":106,"column":11},"end":{"line":106,"column":17}},"loc":{"start":{"line":106,"column":43},"end":{"line":109,"column":5}}},"21":{"name":"(anonymous_21)","decl":{"start":{"line":111,"column":11},"end":{"line":111,"column":17}},"loc":{"start":{"line":111,"column":58},"end":{"line":114,"column":5}}}},"branchMap":{},"s":{"0":2,"1":2,"2":2,"3":0,"4":0,"5":0,"6":0,"7":0,"8":0,"9":0,"10":0,"11":0,"12":0,"13":0,"14":0,"15":0,"16":0,"17":0,"18":0,"19":0,"20":0,"21":0,"22":0,"23":0,"24":0,"25":0,"26":0,"27":0,"28":0,"29":0,"30":0,"31":0,"32":0,"33":0,"34":0,"35":0,"36":0,"37":0},"f":{"0":2,"1":0,"2":0,"3":0,"4":0,"5":0,"6":0,"7":0,"8":0,"9":0,"10":0,"11":0,"12":0,"13":0,"14":0,"15":0,"16":0,"17":0,"18":0,"19":0,"20":0,"21":0},"b":{}}
,"/home/gabrielr/Desktop/Projects/DOGX Studios/Raycasting/Mirroware/vendor/pluglightjs/AgentPool.js": {"path":"/home/gabrielr/Desktop/Projects/DOGX Studios/Raycasting/Mirroware/vendor/pluglightjs/AgentPool.js","statementMap":{"0":{"start":{"line":9,"column":8},"end":{"line":9,"column":27}},"1":{"start":{"line":10,"column":8},"end":{"line":10,"column":24}},"2":{"start":{"line":11,"column":8},"end":{"line":11,"column":24}},"3":{"start":{"line":12,"column":8},"end":{"line":12,"column":30}},"4":{"start":{"line":13,"column":8},"end":{"line":13,"column":25}},"5":{"start":{"line":15,"column":8},"end":{"line":79,"column":9}},"6":{"start":{"line":23,"column":16},"end":{"line":23,"column":36}},"7":{"start":{"line":24,"column":16},"end":{"line":24,"column":39}},"8":{"start":{"line":25,"column":16},"end":{"line":25,"column":38}},"9":{"start":{"line":26,"column":16},"end":{"line":26,"column":32}},"10":{"start":{"line":28,"column":16},"end":{"line":40,"column":17}},"11":{"start":{"line":30,"column":20},"end":{"line":39,"column":23}},"12":{"start":{"line":31,"column":38},"end":{"line":31,"column":62}},"13":{"start":{"line":33,"column":24},"end":{"line":38,"column":25}},"14":{"start":{"line":34,"column":28},"end":{"line":34,"column":67}},"15":{"start":{"line":37,"column":28},"end":{"line":37,"column":49}},"16":{"start":{"line":44,"column":16},"end":{"line":44,"column":32}},"17":{"start":{"line":48,"column":16},"end":{"line":48,"column":34}},"18":{"start":{"line":52,"column":16},"end":{"line":52,"column":57}},"19":{"start":{"line":56,"column":16},"end":{"line":56,"column":54}},"20":{"start":{"line":60,"column":16},"end":{"line":60,"column":54}},"21":{"start":{"line":63,"column":16},"end":{"line":63,"column":57}},"22":{"start":{"line":67,"column":16},"end":{"line":67,"column":33}},"23":{"start":{"line":69,"column":16},"end":{"line":77,"column":19}},"24":{"start":{"line":70,"column":34},"end":{"line":70,"column":58}},"25":{"start":{"line":71,"column":24},"end":{"line":76,"column":21}},"26":{"start":{"line":72,"column":24},"end":{"line":72,"column":63}},"27":{"start":{"line":75,"column":24},"end":{"line":75,"column":45}},"28":{"start":{"line":86,"column":8},"end":{"line":89,"column":9}},"29":{"start":{"line":87,"column":12},"end":{"line":87,"column":131}},"30":{"start":{"line":88,"column":12},"end":{"line":88,"column":25}},"31":{"start":{"line":91,"column":8},"end":{"line":94,"column":9}},"32":{"start":{"line":92,"column":12},"end":{"line":92,"column":86}},"33":{"start":{"line":93,"column":12},"end":{"line":93,"column":25}},"34":{"start":{"line":96,"column":8},"end":{"line":99,"column":9}},"35":{"start":{"line":97,"column":12},"end":{"line":97,"column":110}},"36":{"start":{"line":98,"column":12},"end":{"line":98,"column":25}},"37":{"start":{"line":103,"column":8},"end":{"line":103,"column":42}},"38":{"start":{"line":104,"column":8},"end":{"line":104,"column":35}},"39":{"start":{"line":106,"column":8},"end":{"line":106,"column":20}},"40":{"start":{"line":114,"column":8},"end":{"line":117,"column":9}},"41":{"start":{"line":115,"column":12},"end":{"line":115,"column":122}},"42":{"start":{"line":116,"column":12},"end":{"line":116,"column":25}},"43":{"start":{"line":119,"column":8},"end":{"line":122,"column":9}},"44":{"start":{"line":120,"column":12},"end":{"line":120,"column":122}},"45":{"start":{"line":121,"column":12},"end":{"line":121,"column":25}},"46":{"start":{"line":124,"column":8},"end":{"line":127,"column":9}},"47":{"start":{"line":125,"column":12},"end":{"line":125,"column":57}},"48":{"start":{"line":126,"column":12},"end":{"line":126,"column":25}},"49":{"start":{"line":131,"column":20},"end":{"line":131,"column":30}},"50":{"start":{"line":134,"column":8},"end":{"line":140,"column":9}},"51":{"start":{"line":135,"column":12},"end":{"line":135,"column":48}},"52":{"start":{"line":136,"column":12},"end":{"line":136,"column":35}},"53":{"start":{"line":139,"column":12},"end":{"line":139,"column":83}},"54":{"start":{"line":142,"column":8},"end":{"line":142,"column":55}},"55":{"start":{"line":142,"column":42},"end":{"line":142,"column":55}},"56":{"start":{"line":144,"column":8},"end":{"line":149,"column":10}},"57":{"start":{"line":146,"column":12},"end":{"line":148,"column":13}},"58":{"start":{"line":147,"column":16},"end":{"line":147,"column":56}},"59":{"start":{"line":153,"column":8},"end":{"line":156,"column":9}},"60":{"start":{"line":154,"column":12},"end":{"line":154,"column":96}},"61":{"start":{"line":155,"column":12},"end":{"line":155,"column":25}},"62":{"start":{"line":158,"column":8},"end":{"line":158,"column":21}},"63":{"start":{"line":163,"column":8},"end":{"line":166,"column":9}},"64":{"start":{"line":164,"column":12},"end":{"line":164,"column":86}},"65":{"start":{"line":165,"column":12},"end":{"line":165,"column":25}},"66":{"start":{"line":168,"column":26},"end":{"line":168,"column":65}},"67":{"start":{"line":170,"column":8},"end":{"line":170,"column":27}},"68":{"start":{"line":174,"column":8},"end":{"line":174,"column":37}},"69":{"start":{"line":178,"column":8},"end":{"line":200,"column":9}},"70":{"start":{"line":180,"column":28},"end":{"line":180,"column":43}},"71":{"start":{"line":181,"column":35},"end":{"line":181,"column":57}},"72":{"start":{"line":183,"column":12},"end":{"line":185,"column":15}},"73":{"start":{"line":184,"column":16},"end":{"line":184,"column":70}},"74":{"start":{"line":187,"column":32},"end":{"line":187,"column":60}},"75":{"start":{"line":189,"column":12},"end":{"line":193,"column":13}},"76":{"start":{"line":190,"column":16},"end":{"line":190,"column":68}},"77":{"start":{"line":191,"column":16},"end":{"line":191,"column":57}},"78":{"start":{"line":192,"column":16},"end":{"line":192,"column":38}},"79":{"start":{"line":195,"column":12},"end":{"line":195,"column":47}},"80":{"start":{"line":198,"column":12},"end":{"line":198,"column":51}},"81":{"start":{"line":199,"column":12},"end":{"line":199,"column":25}},"82":{"start":{"line":205,"column":8},"end":{"line":208,"column":9}},"83":{"start":{"line":206,"column":24},"end":{"line":206,"column":46}},"84":{"start":{"line":207,"column":12},"end":{"line":207,"column":36}},"85":{"start":{"line":212,"column":24},"end":{"line":212,"column":52}},"86":{"start":{"line":213,"column":8},"end":{"line":213,"column":47}}},"fnMap":{"0":{"name":"(anonymous_0)","decl":{"start":{"line":8,"column":4},"end":{"line":8,"column":5}},"loc":{"start":{"line":8,"column":22},"end":{"line":80,"column":5}},"line":8},"1":{"name":"(anonymous_1)","decl":{"start":{"line":21,"column":12},"end":{"line":21,"column":13}},"loc":{"start":{"line":21,"column":47},"end":{"line":41,"column":13}},"line":21},"2":{"name":"(anonymous_2)","decl":{"start":{"line":30,"column":59},"end":{"line":30,"column":60}},"loc":{"start":{"line":30,"column":70},"end":{"line":39,"column":21}},"line":30},"3":{"name":"(anonymous_3)","decl":{"start":{"line":43,"column":12},"end":{"line":43,"column":13}},"loc":{"start":{"line":43,"column":19},"end":{"line":45,"column":13}},"line":43},"4":{"name":"(anonymous_4)","decl":{"start":{"line":47,"column":12},"end":{"line":47,"column":13}},"loc":{"start":{"line":47,"column":21},"end":{"line":49,"column":13}},"line":47},"5":{"name":"(anonymous_5)","decl":{"start":{"line":51,"column":12},"end":{"line":51,"column":13}},"loc":{"start":{"line":51,"column":42},"end":{"line":53,"column":13}},"line":51},"6":{"name":"(anonymous_6)","decl":{"start":{"line":55,"column":12},"end":{"line":55,"column":13}},"loc":{"start":{"line":55,"column":28},"end":{"line":57,"column":13}},"line":55},"7":{"name":"(anonymous_7)","decl":{"start":{"line":59,"column":12},"end":{"line":59,"column":13}},"loc":{"start":{"line":59,"column":41},"end":{"line":61,"column":13}},"line":59},"8":{"name":"(anonymous_8)","decl":{"start":{"line":62,"column":12},"end":{"line":62,"column":13}},"loc":{"start":{"line":62,"column":44},"end":{"line":64,"column":13}},"line":62},"9":{"name":"(anonymous_9)","decl":{"start":{"line":65,"column":12},"end":{"line":65,"column":13}},"loc":{"start":{"line":65,"column":35},"end":{"line":78,"column":13}},"line":65},"10":{"name":"(anonymous_10)","decl":{"start":{"line":69,"column":55},"end":{"line":69,"column":56}},"loc":{"start":{"line":69,"column":66},"end":{"line":77,"column":17}},"line":69},"11":{"name":"(anonymous_11)","decl":{"start":{"line":82,"column":4},"end":{"line":82,"column":5}},"loc":{"start":{"line":82,"column":36},"end":{"line":107,"column":5}},"line":82},"12":{"name":"(anonymous_12)","decl":{"start":{"line":110,"column":4},"end":{"line":110,"column":5}},"loc":{"start":{"line":110,"column":45},"end":{"line":159,"column":5}},"line":110},"13":{"name":"(anonymous_13)","decl":{"start":{"line":144,"column":45},"end":{"line":144,"column":46}},"loc":{"start":{"line":144,"column":57},"end":{"line":149,"column":9}},"line":144},"14":{"name":"(anonymous_14)","decl":{"start":{"line":161,"column":4},"end":{"line":161,"column":5}},"loc":{"start":{"line":161,"column":34},"end":{"line":171,"column":5}},"line":161},"15":{"name":"(anonymous_15)","decl":{"start":{"line":173,"column":4},"end":{"line":173,"column":5}},"loc":{"start":{"line":173,"column":27},"end":{"line":175,"column":5}},"line":173},"16":{"name":"(anonymous_16)","decl":{"start":{"line":177,"column":4},"end":{"line":177,"column":5}},"loc":{"start":{"line":177,"column":22},"end":{"line":201,"column":5}},"line":177},"17":{"name":"(anonymous_17)","decl":{"start":{"line":183,"column":37},"end":{"line":183,"column":38}},"loc":{"start":{"line":183,"column":57},"end":{"line":185,"column":13}},"line":183},"18":{"name":"(anonymous_18)","decl":{"start":{"line":203,"column":4},"end":{"line":203,"column":5}},"loc":{"start":{"line":203,"column":18},"end":{"line":209,"column":5}},"line":203},"19":{"name":"(anonymous_19)","decl":{"start":{"line":211,"column":4},"end":{"line":211,"column":5}},"loc":{"start":{"line":211,"column":21},"end":{"line":214,"column":5}},"line":211}},"branchMap":{"0":{"loc":{"start":{"line":28,"column":16},"end":{"line":40,"column":17}},"type":"if","locations":[{"start":{"line":28,"column":16},"end":{"line":40,"column":17}},{"start":{},"end":{}}],"line":28},"1":{"loc":{"start":{"line":33,"column":24},"end":{"line":38,"column":25}},"type":"if","locations":[{"start":{"line":33,"column":24},"end":{"line":38,"column":25}},{"start":{"line":36,"column":28},"end":{"line":38,"column":25}}],"line":33},"2":{"loc":{"start":{"line":71,"column":24},"end":{"line":76,"column":21}},"type":"if","locations":[{"start":{"line":71,"column":24},"end":{"line":76,"column":21}},{"start":{"line":74,"column":24},"end":{"line":76,"column":21}}],"line":71},"3":{"loc":{"start":{"line":86,"column":8},"end":{"line":89,"column":9}},"type":"if","locations":[{"start":{"line":86,"column":8},"end":{"line":89,"column":9}},{"start":{},"end":{}}],"line":86},"4":{"loc":{"start":{"line":86,"column":11},"end":{"line":86,"column":57}},"type":"binary-expr","locations":[{"start":{"line":86,"column":11},"end":{"line":86,"column":39}},{"start":{"line":86,"column":43},"end":{"line":86,"column":57}}],"line":86},"5":{"loc":{"start":{"line":91,"column":8},"end":{"line":94,"column":9}},"type":"if","locations":[{"start":{"line":91,"column":8},"end":{"line":94,"column":9}},{"start":{},"end":{}}],"line":91},"6":{"loc":{"start":{"line":96,"column":8},"end":{"line":99,"column":9}},"type":"if","locations":[{"start":{"line":96,"column":8},"end":{"line":99,"column":9}},{"start":{},"end":{}}],"line":96},"7":{"loc":{"start":{"line":110,"column":25},"end":{"line":110,"column":44}},"type":"default-arg","locations":[{"start":{"line":110,"column":35},"end":{"line":110,"column":44}}],"line":110},"8":{"loc":{"start":{"line":114,"column":8},"end":{"line":117,"column":9}},"type":"if","locations":[{"start":{"line":114,"column":8},"end":{"line":117,"column":9}},{"start":{},"end":{}}],"line":114},"9":{"loc":{"start":{"line":114,"column":11},"end":{"line":114,"column":57}},"type":"binary-expr","locations":[{"start":{"line":114,"column":11},"end":{"line":114,"column":39}},{"start":{"line":114,"column":43},"end":{"line":114,"column":57}}],"line":114},"10":{"loc":{"start":{"line":119,"column":8},"end":{"line":122,"column":9}},"type":"if","locations":[{"start":{"line":119,"column":8},"end":{"line":122,"column":9}},{"start":{},"end":{}}],"line":119},"11":{"loc":{"start":{"line":124,"column":8},"end":{"line":127,"column":9}},"type":"if","locations":[{"start":{"line":124,"column":8},"end":{"line":127,"column":9}},{"start":{},"end":{}}],"line":124},"12":{"loc":{"start":{"line":124,"column":11},"end":{"line":124,"column":63}},"type":"binary-expr","locations":[{"start":{"line":124,"column":11},"end":{"line":124,"column":31}},{"start":{"line":124,"column":35},"end":{"line":124,"column":63}}],"line":124},"13":{"loc":{"start":{"line":134,"column":8},"end":{"line":140,"column":9}},"type":"if","locations":[{"start":{"line":134,"column":8},"end":{"line":140,"column":9}},{"start":{"line":138,"column":12},"end":{"line":140,"column":9}}],"line":134},"14":{"loc":{"start":{"line":142,"column":8},"end":{"line":142,"column":55}},"type":"if","locations":[{"start":{"line":142,"column":8},"end":{"line":142,"column":55}},{"start":{},"end":{}}],"line":142},"15":{"loc":{"start":{"line":142,"column":13},"end":{"line":142,"column":39}},"type":"binary-expr","locations":[{"start":{"line":142,"column":13},"end":{"line":142,"column":20}},{"start":{"line":142,"column":24},"end":{"line":142,"column":39}}],"line":142},"16":{"loc":{"start":{"line":146,"column":12},"end":{"line":148,"column":13}},"type":"if","locations":[{"start":{"line":146,"column":12},"end":{"line":148,"column":13}},{"start":{},"end":{}}],"line":146},"17":{"loc":{"start":{"line":153,"column":8},"end":{"line":156,"column":9}},"type":"if","locations":[{"start":{"line":153,"column":8},"end":{"line":156,"column":9}},{"start":{},"end":{}}],"line":153},"18":{"loc":{"start":{"line":163,"column":8},"end":{"line":166,"column":9}},"type":"if","locations":[{"start":{"line":163,"column":8},"end":{"line":166,"column":9}},{"start":{},"end":{}}],"line":163},"19":{"loc":{"start":{"line":168,"column":26},"end":{"line":168,"column":65}},"type":"binary-expr","locations":[{"start":{"line":168,"column":26},"end":{"line":168,"column":59}},{"start":{"line":168,"column":63},"end":{"line":168,"column":65}}],"line":168}},"s":{"0":4,"1":4,"2":4,"3":4,"4":4,"5":4,"6":0,"7":0,"8":0,"9":0,"10":0,"11":0,"12":0,"13":0,"14":0,"15":0,"16":0,"17":0,"18":0,"19":0,"20":0,"21":0,"22":0,"23":0,"24":0,"25":0,"26":0,"27":0,"28":0,"29":0,"30":0,"31":0,"32":0,"33":0,"34":0,"35":0,"36":0,"37":0,"38":0,"39":0,"40":0,"41":0,"42":0,"43":0,"44":0,"45":0,"46":0,"47":0,"48":0,"49":0,"50":0,"51":0,"52":0,"53":0,"54":0,"55":0,"56":0,"57":0,"58":0,"59":0,"60":0,"61":0,"62":0,"63":0,"64":0,"65":0,"66":0,"67":0,"68":0,"69":0,"70":0,"71":0,"72":0,"73":0,"74":0,"75":0,"76":0,"77":0,"78":0,"79":0,"80":0,"81":0,"82":0,"83":0,"84":0,"85":0,"86":0},"f":{"0":4,"1":0,"2":0,"3":0,"4":0,"5":0,"6":0,"7":0,"8":0,"9":0,"10":0,"11":0,"12":0,"13":0,"14":0,"15":0,"16":0,"17":0,"18":0,"19":0},"b":{"0":[0,0],"1":[0,0],"2":[0,0],"3":[0,0],"4":[0,0],"5":[0,0],"6":[0,0],"7":[0],"8":[0,0],"9":[0,0],"10":[0,0],"11":[0,0],"12":[0,0],"13":[0,0],"14":[0,0],"15":[0,0],"16":[0,0],"17":[0,0],"18":[0,0],"19":[0,0]},"_coverageSchema":"1a1c01bbd47fc00a2c39e90264f33305004495a9","hash":"b974161b127b98089eabc75bef0c923987311583"}
,"/home/gabrielr/Desktop/Projects/DOGX Studios/Raycasting/Mirroware/vendor/pluglightjs/CollectionManager.js": {"path":"/home/gabrielr/Desktop/Projects/DOGX Studios/Raycasting/Mirroware/vendor/pluglightjs/CollectionManager.js","statementMap":{"0":{"start":{"line":6,"column":8},"end":{"line":6,"column":27}},"1":{"start":{"line":7,"column":8},"end":{"line":7,"column":31}},"2":{"start":{"line":8,"column":8},"end":{"line":8,"column":31}},"3":{"start":{"line":9,"column":8},"end":{"line":9,"column":32}},"4":{"start":{"line":16,"column":8},"end":{"line":19,"column":9}},"5":{"start":{"line":17,"column":12},"end":{"line":17,"column":129}},"6":{"start":{"line":18,"column":12},"end":{"line":18,"column":25}},"7":{"start":{"line":21,"column":8},"end":{"line":24,"column":9}},"8":{"start":{"line":22,"column":12},"end":{"line":22,"column":75}},"9":{"start":{"line":23,"column":12},"end":{"line":23,"column":25}},"10":{"start":{"line":28,"column":8},"end":{"line":28,"column":37}},"11":{"start":{"line":29,"column":8},"end":{"line":29,"column":20}},"12":{"start":{"line":29,"column":20},"end":{"line":29,"column":30}},"13":{"start":{"line":34,"column":8},"end":{"line":36,"column":9}},"14":{"start":{"line":35,"column":12},"end":{"line":35,"column":53}},"15":{"start":{"line":38,"column":8},"end":{"line":38,"column":78}},"16":{"start":{"line":46,"column":8},"end":{"line":49,"column":9}},"17":{"start":{"line":47,"column":12},"end":{"line":47,"column":84}},"18":{"start":{"line":48,"column":12},"end":{"line":48,"column":25}},"19":{"start":{"line":51,"column":8},"end":{"line":54,"column":9}},"20":{"start":{"line":52,"column":12},"end":{"line":52,"column":103}},"21":{"start":{"line":53,"column":12},"end":{"line":53,"column":25}},"22":{"start":{"line":56,"column":8},"end":{"line":59,"column":9}},"23":{"start":{"line":57,"column":12},"end":{"line":57,"column":93}},"24":{"start":{"line":58,"column":12},"end":{"line":58,"column":25}},"25":{"start":{"line":63,"column":8},"end":{"line":63,"column":55}},"26":{"start":{"line":64,"column":8},"end":{"line":64,"column":45}},"27":{"start":{"line":66,"column":8},"end":{"line":66,"column":20}},"28":{"start":{"line":73,"column":8},"end":{"line":85,"column":9}},"29":{"start":{"line":74,"column":12},"end":{"line":74,"column":42}},"30":{"start":{"line":75,"column":12},"end":{"line":75,"column":49}},"31":{"start":{"line":76,"column":12},"end":{"line":76,"column":31}},"32":{"start":{"line":78,"column":12},"end":{"line":78,"column":40}},"33":{"start":{"line":81,"column":12},"end":{"line":84,"column":15}},"34":{"start":{"line":90,"column":20},"end":{"line":90,"column":69}},"35":{"start":{"line":91,"column":8},"end":{"line":91,"column":58}},"36":{"start":{"line":92,"column":8},"end":{"line":92,"column":48}},"37":{"start":{"line":97,"column":8},"end":{"line":105,"column":9}},"38":{"start":{"line":98,"column":26},"end":{"line":98,"column":48}},"39":{"start":{"line":99,"column":12},"end":{"line":99,"column":76}},"40":{"start":{"line":101,"column":12},"end":{"line":101,"column":47}},"41":{"start":{"line":102,"column":12},"end":{"line":102,"column":38}},"42":{"start":{"line":104,"column":12},"end":{"line":104,"column":43}}},"fnMap":{"0":{"name":"(anonymous_0)","decl":{"start":{"line":5,"column":4},"end":{"line":5,"column":5}},"loc":{"start":{"line":5,"column":22},"end":{"line":10,"column":5}},"line":5},"1":{"name":"(anonymous_1)","decl":{"start":{"line":12,"column":4},"end":{"line":12,"column":5}},"loc":{"start":{"line":12,"column":28},"end":{"line":30,"column":5}},"line":12},"2":{"name":"(anonymous_2)","decl":{"start":{"line":32,"column":4},"end":{"line":32,"column":5}},"loc":{"start":{"line":32,"column":33},"end":{"line":40,"column":5}},"line":32},"3":{"name":"(anonymous_3)","decl":{"start":{"line":42,"column":4},"end":{"line":42,"column":5}},"loc":{"start":{"line":42,"column":54},"end":{"line":67,"column":5}},"line":42},"4":{"name":"(anonymous_4)","decl":{"start":{"line":69,"column":4},"end":{"line":69,"column":5}},"loc":{"start":{"line":69,"column":42},"end":{"line":86,"column":5}},"line":69},"5":{"name":"(anonymous_5)","decl":{"start":{"line":88,"column":4},"end":{"line":88,"column":5}},"loc":{"start":{"line":88,"column":47},"end":{"line":93,"column":5}},"line":88},"6":{"name":"(anonymous_6)","decl":{"start":{"line":95,"column":4},"end":{"line":95,"column":5}},"loc":{"start":{"line":95,"column":33},"end":{"line":106,"column":5}},"line":95}},"branchMap":{"0":{"loc":{"start":{"line":16,"column":8},"end":{"line":19,"column":9}},"type":"if","locations":[{"start":{"line":16,"column":8},"end":{"line":19,"column":9}},{"start":{},"end":{}}],"line":16},"1":{"loc":{"start":{"line":16,"column":11},"end":{"line":16,"column":49}},"type":"binary-expr","locations":[{"start":{"line":16,"column":11},"end":{"line":16,"column":35}},{"start":{"line":16,"column":39},"end":{"line":16,"column":49}}],"line":16},"2":{"loc":{"start":{"line":21,"column":8},"end":{"line":24,"column":9}},"type":"if","locations":[{"start":{"line":21,"column":8},"end":{"line":24,"column":9}},{"start":{},"end":{}}],"line":21},"3":{"loc":{"start":{"line":34,"column":8},"end":{"line":36,"column":9}},"type":"if","locations":[{"start":{"line":34,"column":8},"end":{"line":36,"column":9}},{"start":{},"end":{}}],"line":34},"4":{"loc":{"start":{"line":42,"column":35},"end":{"line":42,"column":53}},"type":"default-arg","locations":[{"start":{"line":42,"column":44},"end":{"line":42,"column":53}}],"line":42},"5":{"loc":{"start":{"line":46,"column":8},"end":{"line":49,"column":9}},"type":"if","locations":[{"start":{"line":46,"column":8},"end":{"line":49,"column":9}},{"start":{},"end":{}}],"line":46},"6":{"loc":{"start":{"line":51,"column":8},"end":{"line":54,"column":9}},"type":"if","locations":[{"start":{"line":51,"column":8},"end":{"line":54,"column":9}},{"start":{},"end":{}}],"line":51},"7":{"loc":{"start":{"line":51,"column":11},"end":{"line":51,"column":87}},"type":"binary-expr","locations":[{"start":{"line":51,"column":11},"end":{"line":51,"column":36}},{"start":{"line":51,"column":40},"end":{"line":51,"column":62}},{"start":{"line":51,"column":66},"end":{"line":51,"column":87}}],"line":51},"8":{"loc":{"start":{"line":56,"column":8},"end":{"line":59,"column":9}},"type":"if","locations":[{"start":{"line":56,"column":8},"end":{"line":59,"column":9}},{"start":{},"end":{}}],"line":56},"9":{"loc":{"start":{"line":56,"column":11},"end":{"line":56,"column":73}},"type":"binary-expr","locations":[{"start":{"line":56,"column":11},"end":{"line":56,"column":32}},{"start":{"line":56,"column":36},"end":{"line":56,"column":73}}],"line":56},"10":{"loc":{"start":{"line":73,"column":8},"end":{"line":85,"column":9}},"type":"if","locations":[{"start":{"line":73,"column":8},"end":{"line":85,"column":9}},{"start":{"line":80,"column":12},"end":{"line":85,"column":9}}],"line":73}},"s":{"0":4,"1":4,"2":4,"3":4,"4":0,"5":0,"6":0,"7":0,"8":0,"9":0,"10":0,"11":0,"12":0,"13":0,"14":0,"15":0,"16":0,"17":0,"18":0,"19":0,"20":0,"21":0,"22":0,"23":0,"24":0,"25":0,"26":0,"27":0,"28":0,"29":0,"30":0,"31":0,"32":0,"33":0,"34":0,"35":0,"36":0,"37":0,"38":0,"39":0,"40":0,"41":0,"42":0},"f":{"0":4,"1":0,"2":0,"3":0,"4":0,"5":0,"6":0},"b":{"0":[0,0],"1":[0,0],"2":[0,0],"3":[0,0],"4":[0],"5":[0,0],"6":[0,0],"7":[0,0,0],"8":[0,0],"9":[0,0],"10":[0,0]},"_coverageSchema":"1a1c01bbd47fc00a2c39e90264f33305004495a9","hash":"7a19847c1722db9f10944102a39e870d66814b7e"}
,"/home/gabrielr/Desktop/Projects/DOGX Studios/Raycasting/Mirroware/vendor/pluglightjs/EventManager.js": {"path":"/home/gabrielr/Desktop/Projects/DOGX Studios/Raycasting/Mirroware/vendor/pluglightjs/EventManager.js","statementMap":{"0":{"start":{"line":4,"column":8},"end":{"line":4,"column":28}},"1":{"start":{"line":5,"column":8},"end":{"line":5,"column":25}},"2":{"start":{"line":10,"column":8},"end":{"line":13,"column":9}},"3":{"start":{"line":11,"column":12},"end":{"line":11,"column":83}},"4":{"start":{"line":12,"column":12},"end":{"line":12,"column":25}},"5":{"start":{"line":15,"column":8},"end":{"line":15,"column":36}},"6":{"start":{"line":20,"column":8},"end":{"line":23,"column":9}},"7":{"start":{"line":21,"column":12},"end":{"line":21,"column":106}},"8":{"start":{"line":22,"column":12},"end":{"line":22,"column":25}},"9":{"start":{"line":25,"column":22},"end":{"line":25,"column":56}},"10":{"start":{"line":27,"column":8},"end":{"line":30,"column":9}},"11":{"start":{"line":28,"column":12},"end":{"line":28,"column":134}},"12":{"start":{"line":29,"column":12},"end":{"line":29,"column":25}},"13":{"start":{"line":32,"column":8},"end":{"line":35,"column":9}},"14":{"start":{"line":33,"column":12},"end":{"line":33,"column":139}},"15":{"start":{"line":34,"column":12},"end":{"line":34,"column":25}},"16":{"start":{"line":37,"column":8},"end":{"line":37,"column":54}},"17":{"start":{"line":42,"column":8},"end":{"line":45,"column":9}},"18":{"start":{"line":43,"column":12},"end":{"line":43,"column":89}},"19":{"start":{"line":44,"column":12},"end":{"line":44,"column":25}},"20":{"start":{"line":47,"column":23},"end":{"line":47,"column":58}},"21":{"start":{"line":49,"column":8},"end":{"line":51,"column":11}},"22":{"start":{"line":50,"column":12},"end":{"line":50,"column":74}}},"fnMap":{"0":{"name":"(anonymous_0)","decl":{"start":{"line":3,"column":4},"end":{"line":3,"column":5}},"loc":{"start":{"line":3,"column":22},"end":{"line":6,"column":5}},"line":3},"1":{"name":"(anonymous_1)","decl":{"start":{"line":8,"column":4},"end":{"line":8,"column":5}},"loc":{"start":{"line":8,"column":28},"end":{"line":16,"column":5}},"line":8},"2":{"name":"(anonymous_2)","decl":{"start":{"line":18,"column":4},"end":{"line":18,"column":5}},"loc":{"start":{"line":18,"column":49},"end":{"line":38,"column":5}},"line":18},"3":{"name":"(anonymous_3)","decl":{"start":{"line":40,"column":4},"end":{"line":40,"column":5}},"loc":{"start":{"line":40,"column":52},"end":{"line":52,"column":5}},"line":40},"4":{"name":"(anonymous_4)","decl":{"start":{"line":49,"column":25},"end":{"line":49,"column":26}},"loc":{"start":{"line":49,"column":42},"end":{"line":51,"column":9}},"line":49}},"branchMap":{"0":{"loc":{"start":{"line":10,"column":8},"end":{"line":13,"column":9}},"type":"if","locations":[{"start":{"line":10,"column":8},"end":{"line":13,"column":9}},{"start":{},"end":{}}],"line":10},"1":{"loc":{"start":{"line":20,"column":8},"end":{"line":23,"column":9}},"type":"if","locations":[{"start":{"line":20,"column":8},"end":{"line":23,"column":9}},{"start":{},"end":{}}],"line":20},"2":{"loc":{"start":{"line":27,"column":8},"end":{"line":30,"column":9}},"type":"if","locations":[{"start":{"line":27,"column":8},"end":{"line":30,"column":9}},{"start":{},"end":{}}],"line":27},"3":{"loc":{"start":{"line":32,"column":8},"end":{"line":35,"column":9}},"type":"if","locations":[{"start":{"line":32,"column":8},"end":{"line":35,"column":9}},{"start":{},"end":{}}],"line":32},"4":{"loc":{"start":{"line":40,"column":32},"end":{"line":40,"column":51}},"type":"default-arg","locations":[{"start":{"line":40,"column":42},"end":{"line":40,"column":51}}],"line":40},"5":{"loc":{"start":{"line":42,"column":8},"end":{"line":45,"column":9}},"type":"if","locations":[{"start":{"line":42,"column":8},"end":{"line":45,"column":9}},{"start":{},"end":{}}],"line":42}},"s":{"0":4,"1":4,"2":0,"3":0,"4":0,"5":0,"6":0,"7":0,"8":0,"9":0,"10":0,"11":0,"12":0,"13":0,"14":0,"15":0,"16":0,"17":0,"18":0,"19":0,"20":0,"21":0,"22":0},"f":{"0":4,"1":0,"2":0,"3":0,"4":0},"b":{"0":[0,0],"1":[0,0],"2":[0,0],"3":[0,0],"4":[0],"5":[0,0]},"_coverageSchema":"1a1c01bbd47fc00a2c39e90264f33305004495a9","hash":"198dee6379908a1e2f2546822903412975c6defa"}
,"/home/gabrielr/Desktop/Projects/DOGX Studios/Raycasting/Mirroware/vendor/pluglightjs/ServiceManager.js": {"path":"/home/gabrielr/Desktop/Projects/DOGX Studios/Raycasting/Mirroware/vendor/pluglightjs/ServiceManager.js","statementMap":{"0":{"start":{"line":6,"column":8},"end":{"line":6,"column":27}},"1":{"start":{"line":7,"column":8},"end":{"line":7,"column":28}},"2":{"start":{"line":14,"column":8},"end":{"line":17,"column":9}},"3":{"start":{"line":15,"column":12},"end":{"line":15,"column":126}},"4":{"start":{"line":16,"column":12},"end":{"line":16,"column":25}},"5":{"start":{"line":19,"column":8},"end":{"line":22,"column":9}},"6":{"start":{"line":20,"column":12},"end":{"line":20,"column":72}},"7":{"start":{"line":21,"column":12},"end":{"line":21,"column":25}},"8":{"start":{"line":24,"column":8},"end":{"line":27,"column":9}},"9":{"start":{"line":25,"column":12},"end":{"line":25,"column":79}},"10":{"start":{"line":26,"column":12},"end":{"line":26,"column":25}},"11":{"start":{"line":31,"column":8},"end":{"line":31,"column":35}},"12":{"start":{"line":32,"column":8},"end":{"line":32,"column":39}},"13":{"start":{"line":33,"column":8},"end":{"line":33,"column":36}},"14":{"start":{"line":35,"column":8},"end":{"line":35,"column":20}},"15":{"start":{"line":39,"column":8},"end":{"line":39,"column":30}},"16":{"start":{"line":44,"column":8},"end":{"line":47,"column":9}},"17":{"start":{"line":45,"column":12},"end":{"line":45,"column":76}},"18":{"start":{"line":46,"column":12},"end":{"line":46,"column":25}},"19":{"start":{"line":49,"column":8},"end":{"line":49,"column":43}}},"fnMap":{"0":{"name":"(anonymous_0)","decl":{"start":{"line":5,"column":4},"end":{"line":5,"column":5}},"loc":{"start":{"line":5,"column":22},"end":{"line":8,"column":5}},"line":5},"1":{"name":"(anonymous_1)","decl":{"start":{"line":10,"column":4},"end":{"line":10,"column":5}},"loc":{"start":{"line":10,"column":33},"end":{"line":36,"column":5}},"line":10},"2":{"name":"(anonymous_2)","decl":{"start":{"line":38,"column":4},"end":{"line":38,"column":5}},"loc":{"start":{"line":38,"column":17},"end":{"line":40,"column":5}},"line":38},"3":{"name":"(anonymous_3)","decl":{"start":{"line":42,"column":4},"end":{"line":42,"column":5}},"loc":{"start":{"line":42,"column":27},"end":{"line":50,"column":5}},"line":42}},"branchMap":{"0":{"loc":{"start":{"line":14,"column":8},"end":{"line":17,"column":9}},"type":"if","locations":[{"start":{"line":14,"column":8},"end":{"line":17,"column":9}},{"start":{},"end":{}}],"line":14},"1":{"loc":{"start":{"line":14,"column":11},"end":{"line":14,"column":49}},"type":"binary-expr","locations":[{"start":{"line":14,"column":11},"end":{"line":14,"column":35}},{"start":{"line":14,"column":39},"end":{"line":14,"column":49}}],"line":14},"2":{"loc":{"start":{"line":19,"column":8},"end":{"line":22,"column":9}},"type":"if","locations":[{"start":{"line":19,"column":8},"end":{"line":22,"column":9}},{"start":{},"end":{}}],"line":19},"3":{"loc":{"start":{"line":24,"column":8},"end":{"line":27,"column":9}},"type":"if","locations":[{"start":{"line":24,"column":8},"end":{"line":27,"column":9}},{"start":{},"end":{}}],"line":24},"4":{"loc":{"start":{"line":24,"column":11},"end":{"line":24,"column":38}},"type":"binary-expr","locations":[{"start":{"line":24,"column":11},"end":{"line":24,"column":19}},{"start":{"line":24,"column":23},"end":{"line":24,"column":38}}],"line":24},"5":{"loc":{"start":{"line":44,"column":8},"end":{"line":47,"column":9}},"type":"if","locations":[{"start":{"line":44,"column":8},"end":{"line":47,"column":9}},{"start":{},"end":{}}],"line":44}},"s":{"0":4,"1":4,"2":0,"3":0,"4":0,"5":0,"6":0,"7":0,"8":0,"9":0,"10":0,"11":0,"12":0,"13":0,"14":0,"15":0,"16":0,"17":0,"18":0,"19":0},"f":{"0":4,"1":0,"2":0,"3":0},"b":{"0":[0,0],"1":[0,0],"2":[0,0],"3":[0,0],"4":[0,0],"5":[0,0]},"_coverageSchema":"1a1c01bbd47fc00a2c39e90264f33305004495a9","hash":"24494ede3890c8ef8dbac2e8e432809c013e48cf"}
,"/home/gabrielr/Desktop/Projects/DOGX Studios/Raycasting/Mirroware/vendor/pluglightjs/World.js": {"path":"/home/gabrielr/Desktop/Projects/DOGX Studios/Raycasting/Mirroware/vendor/pluglightjs/World.js","statementMap":{"0":{"start":{"line":17,"column":8},"end":{"line":17,"column":54}},"1":{"start":{"line":18,"column":8},"end":{"line":18,"column":62}},"2":{"start":{"line":19,"column":8},"end":{"line":19,"column":57}},"3":{"start":{"line":20,"column":8},"end":{"line":20,"column":59}},"4":{"start":{"line":23,"column":8},"end":{"line":23,"column":27}},"5":{"start":{"line":24,"column":8},"end":{"line":24,"column":29}},"6":{"start":{"line":25,"column":8},"end":{"line":25,"column":23}},"7":{"start":{"line":26,"column":8},"end":{"line":26,"column":23}},"8":{"start":{"line":27,"column":8},"end":{"line":27,"column":32}},"9":{"start":{"line":28,"column":8},"end":{"line":28,"column":27}},"10":{"start":{"line":32,"column":8},"end":{"line":32,"column":66}},"11":{"start":{"line":36,"column":8},"end":{"line":36,"column":50}},"12":{"start":{"line":40,"column":8},"end":{"line":40,"column":60}},"13":{"start":{"line":44,"column":8},"end":{"line":44,"column":64}},"14":{"start":{"line":48,"column":8},"end":{"line":48,"column":69}},"15":{"start":{"line":53,"column":8},"end":{"line":53,"column":78}},"16":{"start":{"line":57,"column":8},"end":{"line":57,"column":79}},"17":{"start":{"line":61,"column":8},"end":{"line":61,"column":64}},"18":{"start":{"line":66,"column":20},"end":{"line":66,"column":65}},"19":{"start":{"line":68,"column":26},"end":{"line":68,"column":72}},"20":{"start":{"line":70,"column":8},"end":{"line":72,"column":11}},"21":{"start":{"line":71,"column":12},"end":{"line":71,"column":52}},"22":{"start":{"line":74,"column":8},"end":{"line":74,"column":21}},"23":{"start":{"line":78,"column":8},"end":{"line":78,"column":48}},"24":{"start":{"line":82,"column":8},"end":{"line":82,"column":52}},"25":{"start":{"line":86,"column":8},"end":{"line":86,"column":73}},"26":{"start":{"line":90,"column":8},"end":{"line":90,"column":63}},"27":{"start":{"line":96,"column":8},"end":{"line":98,"column":9}},"28":{"start":{"line":97,"column":12},"end":{"line":97,"column":19}},"29":{"start":{"line":100,"column":8},"end":{"line":100,"column":50}},"30":{"start":{"line":102,"column":8},"end":{"line":102,"column":41}},"31":{"start":{"line":104,"column":8},"end":{"line":104,"column":33}},"32":{"start":{"line":106,"column":8},"end":{"line":106,"column":72}},"33":{"start":{"line":106,"column":46},"end":{"line":106,"column":68}},"34":{"start":{"line":108,"column":8},"end":{"line":108,"column":39}},"35":{"start":{"line":109,"column":8},"end":{"line":109,"column":62}},"36":{"start":{"line":110,"column":23},"end":{"line":110,"column":41}},"37":{"start":{"line":112,"column":8},"end":{"line":114,"column":11}},"38":{"start":{"line":113,"column":16},"end":{"line":113,"column":44}},"39":{"start":{"line":116,"column":8},"end":{"line":119,"column":9}},"40":{"start":{"line":117,"column":12},"end":{"line":117,"column":25}},"41":{"start":{"line":118,"column":12},"end":{"line":118,"column":31}},"42":{"start":{"line":123,"column":8},"end":{"line":123,"column":26}}},"fnMap":{"0":{"name":"(anonymous_0)","decl":{"start":{"line":13,"column":4},"end":{"line":13,"column":5}},"loc":{"start":{"line":13,"column":17},"end":{"line":29,"column":5}},"line":13},"1":{"name":"(anonymous_1)","decl":{"start":{"line":27,"column":23},"end":{"line":27,"column":24}},"loc":{"start":{"line":27,"column":29},"end":{"line":27,"column":31}},"line":27},"2":{"name":"(anonymous_2)","decl":{"start":{"line":31,"column":4},"end":{"line":31,"column":5}},"loc":{"start":{"line":31,"column":33},"end":{"line":33,"column":5}},"line":31},"3":{"name":"(anonymous_3)","decl":{"start":{"line":35,"column":4},"end":{"line":35,"column":5}},"loc":{"start":{"line":35,"column":17},"end":{"line":37,"column":5}},"line":35},"4":{"name":"(anonymous_4)","decl":{"start":{"line":39,"column":4},"end":{"line":39,"column":5}},"loc":{"start":{"line":39,"column":27},"end":{"line":41,"column":5}},"line":39},"5":{"name":"(anonymous_5)","decl":{"start":{"line":43,"column":4},"end":{"line":43,"column":5}},"loc":{"start":{"line":43,"column":28},"end":{"line":45,"column":5}},"line":43},"6":{"name":"(anonymous_6)","decl":{"start":{"line":47,"column":4},"end":{"line":47,"column":5}},"loc":{"start":{"line":47,"column":33},"end":{"line":49,"column":5}},"line":47},"7":{"name":"(anonymous_7)","decl":{"start":{"line":52,"column":4},"end":{"line":52,"column":5}},"loc":{"start":{"line":52,"column":42},"end":{"line":54,"column":5}},"line":52},"8":{"name":"(anonymous_8)","decl":{"start":{"line":56,"column":4},"end":{"line":56,"column":5}},"loc":{"start":{"line":56,"column":47},"end":{"line":58,"column":5}},"line":56},"9":{"name":"(anonymous_9)","decl":{"start":{"line":60,"column":4},"end":{"line":60,"column":5}},"loc":{"start":{"line":60,"column":41},"end":{"line":62,"column":5}},"line":60},"10":{"name":"(anonymous_10)","decl":{"start":{"line":64,"column":4},"end":{"line":64,"column":5}},"loc":{"start":{"line":64,"column":45},"end":{"line":75,"column":5}},"line":64},"11":{"name":"(anonymous_11)","decl":{"start":{"line":70,"column":28},"end":{"line":70,"column":29}},"loc":{"start":{"line":70,"column":44},"end":{"line":72,"column":9}},"line":70},"12":{"name":"(anonymous_12)","decl":{"start":{"line":77,"column":4},"end":{"line":77,"column":5}},"loc":{"start":{"line":77,"column":22},"end":{"line":79,"column":5}},"line":77},"13":{"name":"(anonymous_13)","decl":{"start":{"line":81,"column":4},"end":{"line":81,"column":5}},"loc":{"start":{"line":81,"column":28},"end":{"line":83,"column":5}},"line":81},"14":{"name":"(anonymous_14)","decl":{"start":{"line":85,"column":4},"end":{"line":85,"column":5}},"loc":{"start":{"line":85,"column":49},"end":{"line":87,"column":5}},"line":85},"15":{"name":"(anonymous_15)","decl":{"start":{"line":89,"column":4},"end":{"line":89,"column":5}},"loc":{"start":{"line":89,"column":34},"end":{"line":91,"column":5}},"line":89},"16":{"name":"(anonymous_16)","decl":{"start":{"line":93,"column":4},"end":{"line":93,"column":5}},"loc":{"start":{"line":93,"column":26},"end":{"line":120,"column":5}},"line":93},"17":{"name":"(anonymous_17)","decl":{"start":{"line":106,"column":30},"end":{"line":106,"column":31}},"loc":{"start":{"line":106,"column":44},"end":{"line":106,"column":70}},"line":106},"18":{"name":"(anonymous_18)","decl":{"start":{"line":112,"column":38},"end":{"line":112,"column":39}},"loc":{"start":{"line":112,"column":51},"end":{"line":114,"column":9}},"line":112},"19":{"name":"(anonymous_19)","decl":{"start":{"line":122,"column":4},"end":{"line":122,"column":5}},"loc":{"start":{"line":122,"column":20},"end":{"line":124,"column":5}},"line":122}},"branchMap":{"0":{"loc":{"start":{"line":64,"column":25},"end":{"line":64,"column":44}},"type":"default-arg","locations":[{"start":{"line":64,"column":35},"end":{"line":64,"column":44}}],"line":64},"1":{"loc":{"start":{"line":93,"column":12},"end":{"line":93,"column":25}},"type":"default-arg","locations":[{"start":{"line":93,"column":23},"end":{"line":93,"column":25}}],"line":93},"2":{"loc":{"start":{"line":96,"column":8},"end":{"line":98,"column":9}},"type":"if","locations":[{"start":{"line":96,"column":8},"end":{"line":98,"column":9}},{"start":{},"end":{}}],"line":96},"3":{"loc":{"start":{"line":116,"column":8},"end":{"line":119,"column":9}},"type":"if","locations":[{"start":{"line":116,"column":8},"end":{"line":119,"column":9}},{"start":{},"end":{}}],"line":116}},"s":{"0":4,"1":4,"2":4,"3":4,"4":4,"5":4,"6":4,"7":4,"8":4,"9":4,"10":0,"11":0,"12":0,"13":0,"14":0,"15":0,"16":0,"17":0,"18":0,"19":0,"20":0,"21":0,"22":0,"23":0,"24":0,"25":0,"26":0,"27":0,"28":0,"29":0,"30":0,"31":0,"32":0,"33":0,"34":0,"35":0,"36":0,"37":0,"38":0,"39":0,"40":0,"41":0,"42":0},"f":{"0":4,"1":0,"2":0,"3":0,"4":0,"5":0,"6":0,"7":0,"8":0,"9":0,"10":0,"11":0,"12":0,"13":0,"14":0,"15":0,"16":0,"17":0,"18":0,"19":0},"b":{"0":[0],"1":[0],"2":[0,0],"3":[0,0]},"_coverageSchema":"1a1c01bbd47fc00a2c39e90264f33305004495a9","hash":"e85c72c2787c86b0ca4856eaca2b0243235ce598"}
}
